

*******************************************************************************
Thu Apr  6 03:39:29 2017


FIT:    data read from 'conRepIndeterminado.dat'
        format = z
        #datapoints = 21
        residuals are weighted equally (unit weight)

function used for fitting: f(x)
	f(x)=a*x+b
fitted parameters initialized with current variable values

iter      chisq       delta/lim  lambda   a             b            
   0 1.7938654420e+12   0.00e+00  2.07e+05    1.000000e+00   1.000000e+00
   9 3.7942862783e-07  -8.75e-02  2.07e-04    1.685134e-08   1.258248e-05

After 9 iterations the fit converged.
final sum of squares of residuals : 3.79429e-07
rel. change during last iteration : -8.74687e-07

degrees of freedom    (FIT_NDF)                        : 19
rms of residuals      (FIT_STDFIT) = sqrt(WSSR/ndf)    : 0.000141315
variance of residuals (reduced chisquare) = WSSR/ndf   : 1.99699e-08

Final set of parameters            Asymptotic Standard Error
=======================            ==========================
a               = 1.68513e-08      +/- 2.037e-10    (1.209%)
b               = 1.25825e-05      +/- 5.954e-05    (473.2%)

correlation matrix of the fit parameters:
                a      b      
a               1.000 
b              -0.855  1.000 
